16:45:44 [__main__    ] [INFO ]  ***********************
16:45:44 [__main__    ] [INFO ]  *** session started ***
16:45:44 [__main__    ] [INFO ]  *** session configuration file </REP/JOBS/2019/backtrader/app.ini> loaded
16:45:44 [__main__    ] [INFO ]  ***********************
16:45:44 [__main__    ] [INFO ]  Configured DATAFEED : aapl-->AAPL-week-29-1-2018-2019.csv Succesfully added to cerebro
16:45:44 [__main__    ] [INFO ]  Configured DATAFEED : msft-->MSFT-week-29-1-2018-2019.csv Succesfully added to cerebro
16:45:44 [__main__    ] [INFO ]  ENTER STRATEGY <class '__main__.MyStrategy'>
16:45:44 [__main__    ] [INFO ]  *** datafeed name : aapl
16:45:44 [__main__    ] [INFO ]  *** datafeed name : msft
16:45:44 [I_LWminmaxIndicator] [INFO ]  29-01-2018 PRENEXT --> low: 160.10001, high:170.16
16:45:44 [I_LWminmaxIndicator] [INFO ]  05-02-2018 - DOWN,  ref_min =1, ref_max=2, prev=-1, lookback=1
16:45:44 [I_LWminmaxIndicator] [INFO ]  12-02-2018 - UP, prev=down, SET->LWmax=170.16 ref_min =2, ref_max=1, prev=1, lookback=1
16:45:44 [I_LWminmaxIndicator] [INFO ]  19-02-2018 - UP, prev=up,  ref_min =3, ref_max=1, prev=1, lookback=1
16:45:44 [I_LWminmaxIndicator] [INFO ]  26-02-2018 - UP, prev=up,  ref_min =4, ref_max=1, prev=1, lookback=1
16:45:44 [I_LWminmaxIndicator] [INFO ]  05-03-2018 - inside,  ref_min =5, ref_max=2, prev=1, lookback=2
16:45:44 [I_LWminmaxIndicator] [INFO ]  12-03-2018 - UP, prev=up,  ref_min =6, ref_max=1, prev=1, lookback=1
16:45:44 [I_LWminmaxIndicator] [INFO ]  19-03-2018 - DOWN, prev=up, SET->LWmin=150.24 ref_min =1, ref_max=2, prev=-1, lookback=1
16:45:44 [I_LWminmaxIndicator] [INFO ]  26-03-2018 - inside,  ref_min =2, ref_max=3, prev=-1, lookback=2
16:45:44 [I_LWminmaxIndicator] [INFO ]  02-04-2018 - DOWN, prev=down,  ref_min =1, ref_max=4, prev=-1, lookback=1
16:45:44 [I_LWminmaxIndicator] [INFO ]  09-04-2018 - UP, prev=down, SET->LWmax=183.5 ref_min =2, ref_max=1, prev=1, lookback=1
16:45:44 [I_LWminmaxIndicator] [INFO ]  16-04-2018 - outside, max incluso,  ref_min =3, ref_max=1, prev=1, lookback=1
16:45:44 [I_LWminmaxIndicator] [INFO ]  23-04-2018 - DOWN, prev=up, SET->LWmin=164.47 ref_min =1, ref_max=2, prev=-1, lookback=1
16:45:44 [I_LWminmaxIndicator] [INFO ]  30-04-2018 - UP, prev=down, SET->LWmax=178.94 ref_min =2, ref_max=1, prev=1, lookback=1
16:45:44 [I_LWminmaxIndicator] [INFO ]  07-05-2018 - UP, prev=up,  ref_min =3, ref_max=1, prev=1, lookback=1
16:45:44 [I_LWminmaxIndicator] [INFO ]  14-05-2018 - inside,  ref_min =4, ref_max=2, prev=1, lookback=2
16:45:44 [I_LWminmaxIndicator] [INFO ]  21-05-2018 - inside,  ref_min =5, ref_max=3, prev=1, lookback=3
16:45:44 [I_LWminmaxIndicator] [INFO ]  28-05-2018 - inside,  ref_min =6, ref_max=4, prev=1, lookback=4
16:45:44 [I_LWminmaxIndicator] [INFO ]  04-06-2018 - UP, prev=up,  ref_min =7, ref_max=1, prev=1, lookback=1
16:45:44 [I_LWminmaxIndicator] [INFO ]  11-06-2018 - DOWN, prev=up, SET->LWmin=160.63001 ref_min =1, ref_max=2, prev=-1, lookback=1
16:45:44 [I_LWminmaxIndicator] [INFO ]  18-06-2018 - DOWN, prev=down,  ref_min =1, ref_max=3, prev=-1, lookback=1
16:45:44 [I_LWminmaxIndicator] [INFO ]  25-06-2018 - DOWN, prev=down,  ref_min =1, ref_max=4, prev=-1, lookback=1
16:45:44 [I_LWminmaxIndicator] [INFO ]  02-07-2018 - UP, prev=down, SET->LWmax=194.2 ref_min =2, ref_max=1, prev=1, lookback=1
16:45:44 [I_LWminmaxIndicator] [INFO ]  09-07-2018 - UP, prev=up,  ref_min =3, ref_max=1, prev=1, lookback=1
16:45:44 [I_LWminmaxIndicator] [INFO ]  16-07-2018 - UP, prev=up,  ref_min =4, ref_max=1, prev=1, lookback=1
16:45:44 [I_LWminmaxIndicator] [INFO ]  23-07-2018 - UP, prev=up,  ref_min =5, ref_max=1, prev=1, lookback=1
16:45:44 [I_LWminmaxIndicator] [INFO ]  30-07-2018 - outside, max incluso,  ref_min =6, ref_max=1, prev=1, lookback=1
16:45:44 [I_LWminmaxIndicator] [INFO ]  06-08-2018 - UP, prev=up,  ref_min =7, ref_max=1, prev=1, lookback=1
16:45:44 [I_LWminmaxIndicator] [INFO ]  13-08-2018 - UP, prev=up,  ref_min =8, ref_max=1, prev=1, lookback=1
16:45:44 [I_LWminmaxIndicator] [INFO ]  20-08-2018 - UP, prev=up,  ref_min =9, ref_max=1, prev=1, lookback=1
16:45:44 [I_LWminmaxIndicator] [INFO ]  27-08-2018 - UP, prev=up,  ref_min =10, ref_max=1, prev=1, lookback=1
16:45:44 [I_LWminmaxIndicator] [INFO ]  03-09-2018 - UP, prev=up,  ref_min =11, ref_max=1, prev=1, lookback=1
16:45:44 [I_LWminmaxIndicator] [INFO ]  10-09-2018 - DOWN, prev=up, SET->LWmin=180.73 ref_min =1, ref_max=2, prev=-1, lookback=1
16:45:44 [I_LWminmaxIndicator] [INFO ]  17-09-2018 - DOWN, prev=down,  ref_min =1, ref_max=3, prev=-1, lookback=1
16:45:44 [I_LWminmaxIndicator] [INFO ]  24-09-2018 - UP, prev=down, SET->LWmax=229.67 ref_min =2, ref_max=1, prev=1, lookback=1
16:45:44 [I_LWminmaxIndicator] [INFO ]  01-10-2018 - UP, prev=up,  ref_min =3, ref_max=1, prev=1, lookback=1
16:45:44 [I_LWminmaxIndicator] [INFO ]  08-10-2018 - DOWN, prev=up, SET->LWmin=215.3 ref_min =1, ref_max=2, prev=-1, lookback=1
16:45:44 [I_LWminmaxIndicator] [INFO ]  15-10-2018 - inside,  ref_min =2, ref_max=3, prev=-1, lookback=2
16:45:44 [I_LWminmaxIndicator] [INFO ]  22-10-2018 - inside,  ref_min =3, ref_max=4, prev=-1, lookback=3
16:45:44 [I_LWminmaxIndicator] [INFO ]  29-10-2018 - DOWN, prev=down,  ref_min =1, ref_max=5, prev=-1, lookback=1
16:45:44 [I_LWminmaxIndicator] [INFO ]  05-11-2018 - DOWN, prev=down,  ref_min =1, ref_max=6, prev=-1, lookback=1
16:45:44 [I_LWminmaxIndicator] [INFO ]  12-11-2018 - DOWN, prev=down,  ref_min =1, ref_max=7, prev=-1, lookback=1
16:45:44 [I_LWminmaxIndicator] [INFO ]  19-11-2018 - DOWN, prev=down,  ref_min =1, ref_max=8, prev=-1, lookback=1
16:45:44 [I_LWminmaxIndicator] [INFO ]  26-11-2018 - DOWN, prev=down,  ref_min =1, ref_max=9, prev=-1, lookback=1
16:45:44 [I_LWminmaxIndicator] [INFO ]  03-12-2018 - outside, min incluso,  ref_min =1, ref_max=10, prev=-1, lookback=1
16:45:44 [I_LWminmaxIndicator] [INFO ]  10-12-2018 - DOWN, prev=down,  ref_min =1, ref_max=11, prev=-1, lookback=1
16:45:44 [I_LWminmaxIndicator] [INFO ]  17-12-2018 - DOWN, prev=down,  ref_min =1, ref_max=12, prev=-1, lookback=1
16:45:44 [I_LWminmaxIndicator] [INFO ]  24-12-2018 - DOWN, prev=down,  ref_min =1, ref_max=13, prev=-1, lookback=1
16:45:44 [I_LWminmaxIndicator] [INFO ]  31-12-2018 - outside, min incluso,  ref_min =1, ref_max=14, prev=-1, lookback=1
16:45:44 [I_LWminmaxIndicator] [INFO ]  07-01-2019 - inside,  ref_min =2, ref_max=15, prev=-1, lookback=2
16:45:44 [I_LWminmaxIndicator] [INFO ]  14-01-2019 - inside,  ref_min =3, ref_max=16, prev=-1, lookback=3
16:45:44 [I_LWminmaxIndicator] [INFO ]  21-01-2019 - inside,  ref_min =4, ref_max=17, prev=-1, lookback=4
16:45:44 [I_LWminmaxIndicator] [INFO ]  28-01-2019 - inside,  ref_min =5, ref_max=18, prev=-1, lookback=5
16:45:44 [I_LWminmaxIndicator] [INFO ]  28-01-2019 - inside,  ref_min =6, ref_max=19, prev=-1, LAST , lookback=6
16:45:44 [I_LWminmaxIndicator] [INFO ]  29-01-2018 PRENEXT --> low: 91.5, high:96.07
16:45:44 [I_LWminmaxIndicator] [INFO ]  05-02-2018 - DOWN,  ref_min =1, ref_max=2, prev=-1, lookback=1
16:45:44 [I_LWminmaxIndicator] [INFO ]  12-02-2018 - UP, prev=down, SET->LWmax=96.07 ref_min =2, ref_max=1, prev=1, lookback=1
16:45:44 [I_LWminmaxIndicator] [INFO ]  19-02-2018 - UP, prev=up,  ref_min =3, ref_max=1, prev=1, lookback=1
16:45:44 [I_LWminmaxIndicator] [INFO ]  26-02-2018 - outside, max incluso,  ref_min =4, ref_max=1, prev=1, lookback=1
16:45:44 [I_LWminmaxIndicator] [INFO ]  05-03-2018 - UP, prev=up,  ref_min =5, ref_max=1, prev=1, lookback=1
16:45:44 [I_LWminmaxIndicator] [INFO ]  12-03-2018 - UP, prev=up,  ref_min =6, ref_max=1, prev=1, lookback=1
16:45:44 [I_LWminmaxIndicator] [INFO ]  19-03-2018 - DOWN, prev=up, SET->LWmin=83.83 ref_min =1, ref_max=2, prev=-1, lookback=1
16:45:44 [I_LWminmaxIndicator] [INFO ]  26-03-2018 - UP, prev=down, SET->LWmax=97.24 ref_min =2, ref_max=1, prev=1, lookback=1
16:45:44 [I_LWminmaxIndicator] [INFO ]  02-04-2018 - DOWN, prev=up, SET->LWmin=87.08 ref_min =1, ref_max=2, prev=-1, lookback=1
16:45:44 [I_LWminmaxIndicator] [INFO ]  09-04-2018 - UP, prev=down, SET->LWmax=95.14 ref_min =2, ref_max=1, prev=1, lookback=1
16:45:44 [I_LWminmaxIndicator] [INFO ]  16-04-2018 - UP, prev=up,  ref_min =3, ref_max=1, prev=1, lookback=1
16:45:44 [I_LWminmaxIndicator] [INFO ]  23-04-2018 - outside, max incluso,  ref_min =4, ref_max=1, prev=1, lookback=1
16:45:44 [I_LWminmaxIndicator] [INFO ]  30-04-2018 - inside,  ref_min =5, ref_max=2, prev=1, lookback=2
16:45:44 [I_LWminmaxIndicator] [INFO ]  07-05-2018 - UP, prev=up,  ref_min =6, ref_max=1, prev=1, lookback=1
16:45:44 [I_LWminmaxIndicator] [INFO ]  14-05-2018 - UP, prev=up,  ref_min =7, ref_max=1, prev=1, lookback=1
16:45:44 [I_LWminmaxIndicator] [INFO ]  21-05-2018 - UP, prev=up,  ref_min =8, ref_max=1, prev=1, lookback=1
16:45:44 [I_LWminmaxIndicator] [INFO ]  28-05-2018 - UP, prev=up,  ref_min =9, ref_max=1, prev=1, lookback=1
16:45:44 [I_LWminmaxIndicator] [INFO ]  04-06-2018 - UP, prev=up,  ref_min =10, ref_max=1, prev=1, lookback=1
16:45:44 [I_LWminmaxIndicator] [INFO ]  11-06-2018 - DOWN, prev=up, SET->LWmin=87.51 ref_min =1, ref_max=2, prev=-1, lookback=1
16:45:44 [I_LWminmaxIndicator] [INFO ]  18-06-2018 - outside, min incluso,  ref_min =1, ref_max=3, prev=-1, lookback=1
16:45:44 [I_LWminmaxIndicator] [INFO ]  25-06-2018 - DOWN, prev=down,  ref_min =1, ref_max=4, prev=-1, lookback=1
16:45:44 [I_LWminmaxIndicator] [INFO ]  02-07-2018 - UP, prev=down, SET->LWmax=102.69 ref_min =2, ref_max=1, prev=1, lookback=1
16:45:44 [I_LWminmaxIndicator] [INFO ]  09-07-2018 - UP, prev=up,  ref_min =3, ref_max=1, prev=1, lookback=1
16:45:44 [I_LWminmaxIndicator] [INFO ]  16-07-2018 - UP, prev=up,  ref_min =4, ref_max=1, prev=1, lookback=1
16:45:44 [I_LWminmaxIndicator] [INFO ]  23-07-2018 - UP, prev=up,  ref_min =5, ref_max=1, prev=1, lookback=1
16:45:44 [I_LWminmaxIndicator] [INFO ]  30-07-2018 - DOWN, prev=up, SET->LWmin=97.26 ref_min =1, ref_max=2, prev=-1, lookback=1
16:45:44 [I_LWminmaxIndicator] [INFO ]  06-08-2018 - UP, prev=down, SET->LWmax=111.15 ref_min =2, ref_max=1, prev=1, lookback=1
16:45:44 [I_LWminmaxIndicator] [INFO ]  13-08-2018 - DOWN, prev=up, SET->LWmin=104.76 ref_min =1, ref_max=2, prev=-1, lookback=1
16:45:44 [I_LWminmaxIndicator] [INFO ]  20-08-2018 - DOWN, prev=down,  ref_min =1, ref_max=3, prev=-1, lookback=1
16:45:44 [I_LWminmaxIndicator] [INFO ]  27-08-2018 - UP, prev=down, SET->LWmax=110.16 ref_min =2, ref_max=1, prev=1, lookback=1
16:45:44 [I_LWminmaxIndicator] [INFO ]  03-09-2018 - DOWN, prev=up, SET->LWmin=105.78 ref_min =1, ref_max=2, prev=-1, lookback=1
16:45:44 [I_LWminmaxIndicator] [INFO ]  10-09-2018 - UP, prev=down, SET->LWmax=112.78 ref_min =2, ref_max=1, prev=1, lookback=1
16:45:44 [I_LWminmaxIndicator] [INFO ]  17-09-2018 - UP, prev=up,  ref_min =3, ref_max=1, prev=1, lookback=1
16:45:44 [I_LWminmaxIndicator] [INFO ]  24-09-2018 - inside,  ref_min =4, ref_max=2, prev=1, lookback=2
16:45:44 [I_LWminmaxIndicator] [INFO ]  01-10-2018 - outside, max incluso,  ref_min =5, ref_max=1, prev=1, lookback=1
16:45:44 [I_LWminmaxIndicator] [INFO ]  08-10-2018 - DOWN, prev=up, SET->LWmin=107.23 ref_min =1, ref_max=2, prev=-1, lookback=1
16:45:44 [I_LWminmaxIndicator] [INFO ]  15-10-2018 - inside,  ref_min =2, ref_max=3, prev=-1, lookback=2
16:45:44 [I_LWminmaxIndicator] [INFO ]  22-10-2018 - DOWN, prev=down,  ref_min =1, ref_max=4, prev=-1, lookback=1
16:45:44 [I_LWminmaxIndicator] [INFO ]  29-10-2018 - DOWN, prev=down,  ref_min =1, ref_max=5, prev=-1, lookback=1
16:45:44 [I_LWminmaxIndicator] [INFO ]  05-11-2018 - UP, prev=down, SET->LWmax=116.18 ref_min =2, ref_max=1, prev=1, lookback=1
16:45:44 [I_LWminmaxIndicator] [INFO ]  12-11-2018 - DOWN, prev=up, SET->LWmin=100.11 ref_min =1, ref_max=2, prev=-1, lookback=1
16:45:44 [I_LWminmaxIndicator] [INFO ]  19-11-2018 - DOWN, prev=down,  ref_min =1, ref_max=3, prev=-1, lookback=1
16:45:44 [I_LWminmaxIndicator] [INFO ]  26-11-2018 - UP, prev=down, SET->LWmax=112.24 ref_min =2, ref_max=1, prev=1, lookback=1
16:45:44 [I_LWminmaxIndicator] [INFO ]  03-12-2018 - outside, max incluso,  ref_min =3, ref_max=1, prev=1, lookback=1
16:45:44 [I_LWminmaxIndicator] [INFO ]  10-12-2018 - DOWN, prev=up, SET->LWmin=99.35 ref_min =1, ref_max=2, prev=-1, lookback=1
16:45:44 [I_LWminmaxIndicator] [INFO ]  17-12-2018 - DOWN, prev=down,  ref_min =1, ref_max=3, prev=-1, lookback=1
16:45:44 [I_LWminmaxIndicator] [INFO ]  24-12-2018 - DOWN, prev=down,  ref_min =1, ref_max=4, prev=-1, lookback=1
16:45:44 [I_LWminmaxIndicator] [INFO ]  31-12-2018 - UP, prev=down, SET->LWmax=113.42 ref_min =2, ref_max=1, prev=1, lookback=1
16:45:44 [I_LWminmaxIndicator] [INFO ]  07-01-2019 - UP, prev=up,  ref_min =3, ref_max=1, prev=1, lookback=1
16:45:44 [I_LWminmaxIndicator] [INFO ]  14-01-2019 - UP, prev=up,  ref_min =4, ref_max=1, prev=1, lookback=1
16:45:44 [I_LWminmaxIndicator] [INFO ]  21-01-2019 - inside,  ref_min =5, ref_max=2, prev=1, lookback=2
16:45:44 [I_LWminmaxIndicator] [INFO ]  28-01-2019 - inside,  ref_min =6, ref_max=3, prev=1, lookback=3
16:45:44 [I_LWminmaxIndicator] [INFO ]  28-01-2019 - inside,  ref_min =7, ref_max=4, prev=1, LAST , lookback=4
16:45:44 [__main__    ] [INFO ]  05-02-2018 <aapl>, MIN : 150.24
16:45:44 [__main__    ] [INFO ]  05-02-2018 <msft>, MIN : 83.83
16:45:44 [__main__    ] [INFO ]  12-02-2018 <aapl>
16:45:44 [__main__    ] [INFO ]  12-02-2018 <msft>
16:45:44 [__main__    ] [INFO ]  19-02-2018 <aapl>
16:45:44 [__main__    ] [INFO ]  19-02-2018 <msft>
16:45:44 [__main__    ] [INFO ]  26-02-2018 <aapl>
16:45:44 [__main__    ] [INFO ]  26-02-2018 <msft>
16:45:44 [__main__    ] [INFO ]  05-03-2018 <aapl>, inside = 1
16:45:44 [__main__    ] [INFO ]  05-03-2018 <msft>
16:45:44 [__main__    ] [INFO ]  12-03-2018 <aapl>, MAX : 183.5
16:45:44 [__main__    ] [INFO ]  12-03-2018 <msft>, MAX : 97.24
16:45:44 [__main__    ] [INFO ]  19-03-2018 <aapl>
16:45:44 [__main__    ] [INFO ]  19-03-2018 <msft>, MIN : 87.08
16:45:44 [__main__    ] [INFO ]  26-03-2018 <aapl>, inside = 1
16:45:44 [__main__    ] [INFO ]  26-03-2018 <msft>, MAX : 95.14
16:45:44 [__main__    ] [INFO ]  02-04-2018 <aapl>, MIN : 164.47
16:45:44 [__main__    ] [INFO ]  02-04-2018 <msft>, MIN : 87.51
16:45:44 [__main__    ] [INFO ]  09-04-2018 <aapl>
16:45:44 [__main__    ] [INFO ]  09-04-2018 <msft>
16:45:44 [__main__    ] [INFO ]  16-04-2018 <aapl>, MAX : 178.94
16:45:44 [__main__    ] [INFO ]  16-04-2018 <msft>
16:45:44 [__main__    ] [INFO ]  23-04-2018 <aapl>, MIN : 160.63001
16:45:44 [__main__    ] [INFO ]  23-04-2018 <msft>
16:45:44 [__main__    ] [INFO ]  30-04-2018 <aapl>
16:45:44 [__main__    ] [INFO ]  30-04-2018 <msft>, inside = 1
16:45:44 [__main__    ] [INFO ]  07-05-2018 <aapl>
16:45:44 [__main__    ] [INFO ]  07-05-2018 <msft>
16:45:44 [__main__    ] [INFO ]  14-05-2018 <aapl>, inside = 1
16:45:44 [__main__    ] [INFO ]  14-05-2018 <msft>
16:45:44 [__main__    ] [INFO ]  21-05-2018 <aapl>, inside = 2
16:45:44 [__main__    ] [INFO ]  21-05-2018 <msft>
16:45:44 [__main__    ] [INFO ]  28-05-2018 <aapl>, inside = 3
16:45:44 [__main__    ] [INFO ]  28-05-2018 <msft>
16:45:44 [__main__    ] [INFO ]  04-06-2018 <aapl>, MAX : 194.2
16:45:44 [__main__    ] [INFO ]  04-06-2018 <msft>, MAX : 102.69
16:45:44 [__main__    ] [INFO ]  11-06-2018 <aapl>
16:45:44 [__main__    ] [INFO ]  11-06-2018 <msft>
16:45:44 [__main__    ] [INFO ]  18-06-2018 <aapl>
16:45:44 [__main__    ] [INFO ]  18-06-2018 <msft>
16:45:44 [__main__    ] [INFO ]  25-06-2018 <aapl>, MIN : 180.73
16:45:44 [__main__    ] [INFO ]  25-06-2018 <msft>, MIN : 97.26
16:45:44 [__main__    ] [INFO ]  02-07-2018 <aapl>
16:45:44 [__main__    ] [INFO ]  02-07-2018 <msft>
16:45:44 [__main__    ] [INFO ]  09-07-2018 <aapl>
16:45:44 [__main__    ] [INFO ]  09-07-2018 <msft>
16:45:44 [__main__    ] [INFO ]  16-07-2018 <aapl>
16:45:44 [__main__    ] [INFO ]  16-07-2018 <msft>
16:45:44 [__main__    ] [INFO ]  23-07-2018 <aapl>
16:45:44 [__main__    ] [INFO ]  23-07-2018 <msft>, MAX : 111.15
16:45:44 [__main__    ] [INFO ]  30-07-2018 <aapl>
16:45:44 [__main__    ] [INFO ]  30-07-2018 <msft>, MIN : 104.76
16:45:44 [__main__    ] [INFO ]  06-08-2018 <aapl>
16:45:44 [__main__    ] [INFO ]  06-08-2018 <msft>, MAX : 110.16
16:45:44 [__main__    ] [INFO ]  13-08-2018 <aapl>
16:45:44 [__main__    ] [INFO ]  13-08-2018 <msft>
16:45:44 [__main__    ] [INFO ]  20-08-2018 <aapl>
16:45:44 [__main__    ] [INFO ]  20-08-2018 <msft>, MIN : 105.78
16:45:44 [__main__    ] [INFO ]  27-08-2018 <aapl>
16:45:44 [__main__    ] [INFO ]  27-08-2018 <msft>, MAX : 112.78
16:45:44 [__main__    ] [INFO ]  03-09-2018 <aapl>, MAX : 229.67
16:45:44 [__main__    ] [INFO ]  03-09-2018 <msft>, MIN : 107.23
16:45:44 [__main__    ] [INFO ]  10-09-2018 <aapl>
16:45:44 [__main__    ] [INFO ]  10-09-2018 <msft>
16:45:44 [__main__    ] [INFO ]  17-09-2018 <aapl>, MIN : 215.3
16:45:44 [__main__    ] [INFO ]  17-09-2018 <msft>
16:45:44 [__main__    ] [INFO ]  24-09-2018 <aapl>
16:45:44 [__main__    ] [INFO ]  24-09-2018 <msft>, inside = 1
16:45:44 [__main__    ] [INFO ]  01-10-2018 <aapl>, MAX : 233.47
16:45:44 [__main__    ] [INFO ]  01-10-2018 <msft>, MAX : 116.18
16:45:44 [__main__    ] [INFO ]  08-10-2018 <aapl>
16:45:44 [__main__    ] [INFO ]  08-10-2018 <msft>
16:45:44 [__main__    ] [INFO ]  15-10-2018 <aapl>, inside = 1
16:45:44 [__main__    ] [INFO ]  15-10-2018 <msft>, inside = 1
16:45:44 [__main__    ] [INFO ]  22-10-2018 <aapl>, inside = 2
16:45:44 [__main__    ] [INFO ]  22-10-2018 <msft>
16:45:44 [__main__    ] [INFO ]  29-10-2018 <aapl>
16:45:44 [__main__    ] [INFO ]  29-10-2018 <msft>, MIN : 100.11
16:45:44 [__main__    ] [INFO ]  05-11-2018 <aapl>
16:45:44 [__main__    ] [INFO ]  05-11-2018 <msft>, MAX : 112.24
16:45:44 [__main__    ] [INFO ]  12-11-2018 <aapl>
16:45:44 [__main__    ] [INFO ]  12-11-2018 <msft>
16:45:44 [__main__    ] [INFO ]  19-11-2018 <aapl>
16:45:44 [__main__    ] [INFO ]  19-11-2018 <msft>, MIN : 99.35
16:45:44 [__main__    ] [INFO ]  26-11-2018 <aapl>
16:45:44 [__main__    ] [INFO ]  26-11-2018 <msft>
16:45:44 [__main__    ] [INFO ]  03-12-2018 <aapl>
16:45:44 [__main__    ] [INFO ]  03-12-2018 <msft>, MAX : 113.42
16:45:44 [__main__    ] [INFO ]  10-12-2018 <aapl>
16:45:44 [__main__    ] [INFO ]  10-12-2018 <msft>
16:45:44 [__main__    ] [INFO ]  17-12-2018 <aapl>
16:45:44 [__main__    ] [INFO ]  17-12-2018 <msft>
16:45:44 [__main__    ] [INFO ]  24-12-2018 <aapl>
16:45:44 [__main__    ] [INFO ]  24-12-2018 <msft>, MIN : 93.96
16:45:44 [__main__    ] [INFO ]  31-12-2018 <aapl>
16:45:44 [__main__    ] [INFO ]  31-12-2018 <msft>
16:45:44 [__main__    ] [INFO ]  07-01-2019 <aapl>, inside = 1
16:45:44 [__main__    ] [INFO ]  07-01-2019 <msft>
16:45:44 [__main__    ] [INFO ]  14-01-2019 <aapl>, inside = 2
16:45:44 [__main__    ] [INFO ]  14-01-2019 <msft>
16:45:44 [__main__    ] [INFO ]  21-01-2019 <aapl>, inside = 3
16:45:44 [__main__    ] [INFO ]  21-01-2019 <msft>, inside = 1
16:45:44 [__main__    ] [INFO ]  28-01-2019 <aapl>, inside = 4
16:45:44 [__main__    ] [INFO ]  28-01-2019 <msft>, inside = 2
16:45:44 [__main__    ] [INFO ]  28-01-2019 <aapl>, inside = 5
16:45:44 [__main__    ] [INFO ]  28-01-2019 <msft>, inside = 3
16:45:44 [__main__    ] [INFO ]  EXIT STRATEGY <class '__main__.MyStrategy'>, strategy.next loop_count = 53
16:46:56 [__main__    ] [INFO ]  *** finished ***
